# JRE version: OpenJDK Runtime Environment Temurin-21.0.10+7 (21.0.10+7) (build 21.0.10+7-LTS)
# Java VM: OpenJDK 64-Bit Server VM Temurin-21.0.10+7 (21.0.10+7-LTS, mixed mode, sharing, tiered, compressed oops, compressed class ptrs, parallel gc, windows-amd64)
GC Precious Log:
 CardTable entry size: 512
 CPUs: 8 total, 8 available
 Memory: 7865M
 Large Page Support: Disabled
 NUMA Support: Disabled
 Compressed Oops: Enabled (32-bit)
 Alignments: Space 512K, Generation 512K, Heap 2M
 Heap Min Capacity: 100M
 Heap Initial Capacity: 100M
 Heap Max Capacity: 2G
 Pre-touch: Disabled
 Parallel Workers: 8
Heap:
 PSYoungGen      total 18944K, used 3253K [0x00000000d5580000, 0x00000000d6980000, 0x0000000100000000)
  eden space 17408K, 9% used [0x00000000d5580000,0x00000000d572efb8,0x00000000d6680000)
  from space 1536K, 99% used [0x00000000d6800000,0x00000000d697e448,0x00000000d6980000)
  to   space 1024K, 0% used [0x00000000d6680000,0x00000000d6680000,0x00000000d6780000)
 ParOldGen       total 76288K, used 76242K [0x0000000080000000, 0x0000000084a80000, 0x00000000d5580000)
  object space 76288K, 99% used [0x0000000080000000,0x0000000084a74bc0,0x0000000084a80000)
 Metaspace       used 70478K, committed 72128K, reserved 1114112K
  class space    used 7493K, committed 8192K, reserved 1048576K
GC Heap History (20 events):
Event: 30.860 GC heap before
{Heap before GC invocations=66 (full 3):
 PSYoungGen      total 19456K, used 19455K [0x00000000d5580000, 0x00000000d6e00000, 0x0000000100000000)
  eden space 18432K, 100% used [0x00000000d5580000,0x00000000d6780000,0x00000000d6780000)
  from space 1024K, 99% used [0x00000000d6a80000,0x00000000d6b7fe60,0x00000000d6b80000)
  to   space 3072K, 0% used [0x00000000d6780000,0x00000000d6780000,0x00000000d6a80000)
 ParOldGen       total 74240K, used 65029K [0x0000000080000000, 0x0000000084880000, 0x00000000d5580000)
  object space 74240K, 87% used [0x0000000080000000,0x0000000083f81470,0x0000000084880000)
 Metaspace       used 64615K, committed 66176K, reserved 1114112K
  class space    used 6841K, committed 7488K, reserved 1048576K
}
Event: 30.863 GC heap after
{Heap after GC invocations=66 (full 3):
 PSYoungGen      total 20480K, used 1924K [0x00000000d5580000, 0x00000000d6b80000, 0x0000000100000000)
  eden space 18432K, 0% used [0x00000000d5580000,0x00000000d5580000,0x00000000d6780000)
  from space 2048K, 93% used [0x00000000d6780000,0x00000000d6961210,0x00000000d6980000)
  to   space 2048K, 0% used [0x00000000d6980000,0x00000000d6980000,0x00000000d6b80000)
 ParOldGen       total 74240K, used 65799K [0x0000000080000000, 0x0000000084880000, 0x00000000d5580000)
  object space 74240K, 88% used [0x0000000080000000,0x0000000084041f60,0x0000000084880000)
 Metaspace       used 64615K, committed 66176K, reserved 1114112K
  class space    used 6841K, committed 7488K, reserved 1048576K
}
Event: 31.162 GC heap before
{Heap before GC invocations=67 (full 3):
 PSYoungGen      total 20480K, used 20294K [0x00000000d5580000, 0x00000000d6b80000, 0x0000000100000000)
  eden space 18432K, 99% used [0x00000000d5580000,0x00000000d67708b0,0x00000000d6780000)
  from space 2048K, 93% used [0x00000000d6780000,0x00000000d6961210,0x00000000d6980000)
  to   space 2048K, 0% used [0x00000000d6980000,0x00000000d6980000,0x00000000d6b80000)
 ParOldGen       total 74240K, used 65799K [0x0000000080000000, 0x0000000084880000, 0x00000000d5580000)
  object space 74240K, 88% used [0x0000000080000000,0x0000000084041f60,0x0000000084880000)
 Metaspace       used 65459K, committed 67008K, reserved 1114112K
  class space    used 6931K, committed 7552K, reserved 1048576K
}
Event: 31.164 GC heap after
{Heap after GC invocations=67 (full 3):
 PSYoungGen      total 20480K, used 1625K [0x00000000d5580000, 0x00000000d6b80000, 0x0000000100000000)
  eden space 18432K, 0% used [0x00000000d5580000,0x00000000d5580000,0x00000000d6780000)
  from space 2048K, 79% used [0x00000000d6980000,0x00000000d6b16688,0x00000000d6b80000)
  to   space 2048K, 0% used [0x00000000d6780000,0x00000000d6780000,0x00000000d6980000)
 ParOldGen       total 74240K, used 67503K [0x0000000080000000, 0x0000000084880000, 0x00000000d5580000)
  object space 74240K, 90% used [0x0000000080000000,0x00000000841ebc78,0x0000000084880000)
 Metaspace       used 65459K, committed 67008K, reserved 1114112K
  class space    used 6931K, committed 7552K, reserved 1048576K
}
Event: 31.467 GC heap before
{Heap before GC invocations=68 (full 3):
 PSYoungGen      total 20480K, used 20057K [0x00000000d5580000, 0x00000000d6b80000, 0x0000000100000000)
  eden space 18432K, 100% used [0x00000000d5580000,0x00000000d6780000,0x00000000d6780000)
  from space 2048K, 79% used [0x00000000d6980000,0x00000000d6b16688,0x00000000d6b80000)
  to   space 2048K, 0% used [0x00000000d6780000,0x00000000d6780000,0x00000000d6980000)
 ParOldGen       total 74240K, used 67503K [0x0000000080000000, 0x0000000084880000, 0x00000000d5580000)
  object space 74240K, 90% used [0x0000000080000000,0x00000000841ebc78,0x0000000084880000)
 Metaspace       used 66316K, committed 67840K, reserved 1114112K
  class space    used 7024K, committed 7616K, reserved 1048576K
}
Event: 31.470 GC heap after
{Heap after GC invocations=68 (full 3):
 PSYoungGen      total 19456K, used 1005K [0x00000000d5580000, 0x00000000d6a80000, 0x0000000100000000)
  eden space 18432K, 0% used [0x00000000d5580000,0x00000000d5580000,0x00000000d6780000)
  from space 1024K, 98% used [0x00000000d6780000,0x00000000d687b690,0x00000000d6880000)
  to   space 1536K, 0% used [0x00000000d6900000,0x00000000d6900000,0x00000000d6a80000)
 ParOldGen       total 74240K, used 68323K [0x0000000080000000, 0x0000000084880000, 0x00000000d5580000)
  object space 74240K, 92% used [0x0000000080000000,0x00000000842b8e98,0x0000000084880000)
 Metaspace       used 66316K, committed 67840K, reserved 1114112K
  class space    used 7024K, committed 7616K, reserved 1048576K
}
Event: 32.783 GC heap before
{Heap before GC invocations=69 (full 3):
 PSYoungGen      total 19456K, used 19437K [0x00000000d5580000, 0x00000000d6a80000, 0x0000000100000000)
  eden space 18432K, 100% used [0x00000000d5580000,0x00000000d6780000,0x00000000d6780000)
  from space 1024K, 98% used [0x00000000d6780000,0x00000000d687b690,0x00000000d6880000)
  to   space 1536K, 0% used [0x00000000d6900000,0x00000000d6900000,0x00000000d6a80000)
 ParOldGen       total 74240K, used 68323K [0x0000000080000000, 0x0000000084880000, 0x00000000d5580000)
  object space 74240K, 92% used [0x0000000080000000,0x00000000842b8e98,0x0000000084880000)
 Metaspace       used 68046K, committed 69696K, reserved 1114112K
  class space    used 7234K, committed 7872K, reserved 1048576K
}
Event: 32.784 GC heap after
{Heap after GC invocations=69 (full 3):
 PSYoungGen      total 19456K, used 569K [0x00000000d5580000, 0x00000000d6a00000, 0x0000000100000000)
  eden space 18432K, 0% used [0x00000000d5580000,0x00000000d5580000,0x00000000d6780000)
  from space 1024K, 55% used [0x00000000d6900000,0x00000000d698e5d8,0x00000000d6a00000)
  to   space 1024K, 0% used [0x00000000d6780000,0x00000000d6780000,0x00000000d6880000)
 ParOldGen       total 74240K, used 68761K [0x0000000080000000, 0x0000000084880000, 0x00000000d5580000)
  object space 74240K, 92% used [0x0000000080000000,0x00000000843265b8,0x0000000084880000)
 Metaspace       used 68046K, committed 69696K, reserved 1114112K
  class space    used 7234K, committed 7872K, reserved 1048576K
}
Event: 32.889 GC heap before
{Heap before GC invocations=70 (full 3):
 PSYoungGen      total 19456K, used 19001K [0x00000000d5580000, 0x00000000d6a00000, 0x0000000100000000)
  eden space 18432K, 100% used [0x00000000d5580000,0x00000000d6780000,0x00000000d6780000)
  from space 1024K, 55% used [0x00000000d6900000,0x00000000d698e5d8,0x00000000d6a00000)
  to   space 1024K, 0% used [0x00000000d6780000,0x00000000d6780000,0x00000000d6880000)
 ParOldGen       total 74240K, used 68761K [0x0000000080000000, 0x0000000084880000, 0x00000000d5580000)
  object space 74240K, 92% used [0x0000000080000000,0x00000000843265b8,0x0000000084880000)
 Metaspace       used 68613K, committed 70272K, reserved 1114112K
  class space    used 7307K, committed 8000K, reserved 1048576K
}
Event: 32.890 GC heap after
{Heap after GC invocations=70 (full 3):
 PSYoungGen      total 19456K, used 352K [0x00000000d5580000, 0x00000000d6980000, 0x0000000100000000)
  eden space 18432K, 0% used [0x00000000d5580000,0x00000000d5580000,0x00000000d6780000)
  from space 1024K, 34% used [0x00000000d6780000,0x00000000d67d8000,0x00000000d6880000)
  to   space 512K, 0% used [0x00000000d6900000,0x00000000d6900000,0x00000000d6980000)
 ParOldGen       total 74240K, used 69223K [0x0000000080000000, 0x0000000084880000, 0x00000000d5580000)
  object space 74240K, 93% used [0x0000000080000000,0x0000000084399f20,0x0000000084880000)
 Metaspace       used 68613K, committed 70272K, reserved 1114112K
  class space    used 7307K, committed 8000K, reserved 1048576K
}
Event: 33.946 GC heap before
{Heap before GC invocations=71 (full 3):
 PSYoungGen      total 19456K, used 18784K [0x00000000d5580000, 0x00000000d6980000, 0x0000000100000000)
  eden space 18432K, 100% used [0x00000000d5580000,0x00000000d6780000,0x00000000d6780000)
  from space 1024K, 34% used [0x00000000d6780000,0x00000000d67d8000,0x00000000d6880000)
  to   space 512K, 0% used [0x00000000d6900000,0x00000000d6900000,0x00000000d6980000)
 ParOldGen       total 74240K, used 69223K [0x0000000080000000, 0x0000000084880000, 0x00000000d5580000)
  object space 74240K, 93% used [0x0000000080000000,0x0000000084399f20,0x0000000084880000)
 Metaspace       used 68836K, committed 70464K, reserved 1114112K
  class space    used 7319K, committed 8000K, reserved 1048576K
}
Event: 33.947 GC heap after
{Heap after GC invocations=71 (full 3):
 PSYoungGen      total 18944K, used 500K [0x00000000d5580000, 0x00000000d6980000, 0x0000000100000000)
  eden space 18432K, 0% used [0x00000000d5580000,0x00000000d5580000,0x00000000d6780000)
  from space 512K, 97% used [0x00000000d6900000,0x00000000d697d220,0x00000000d6980000)
  to   space 1024K, 0% used [0x00000000d6780000,0x00000000d6780000,0x00000000d6880000)
 ParOldGen       total 74240K, used 69641K [0x0000000080000000, 0x0000000084880000, 0x00000000d5580000)
  object space 74240K, 93% used [0x0000000080000000,0x0000000084402438,0x0000000084880000)
 Metaspace       used 68836K, committed 70464K, reserved 1114112K
  class space    used 7319K, committed 8000K, reserved 1048576K
}
Event: 34.029 GC heap before
{Heap before GC invocations=72 (full 3):
 PSYoungGen      total 18944K, used 18932K [0x00000000d5580000, 0x00000000d6980000, 0x0000000100000000)
  eden space 18432K, 100% used [0x00000000d5580000,0x00000000d6780000,0x00000000d6780000)
  from space 512K, 97% used [0x00000000d6900000,0x00000000d697d220,0x00000000d6980000)
  to   space 1024K, 0% used [0x00000000d6780000,0x00000000d6780000,0x00000000d6880000)
 ParOldGen       total 74240K, used 69641K [0x0000000080000000, 0x0000000084880000, 0x00000000d5580000)
  object space 74240K, 93% used [0x0000000080000000,0x0000000084402438,0x0000000084880000)
 Metaspace       used 68902K, committed 70592K, reserved 1114112K
  class space    used 7319K, committed 8000K, reserved 1048576K
}
Event: 34.030 GC heap after
{Heap after GC invocations=72 (full 3):
 PSYoungGen      total 19456K, used 640K [0x00000000d5580000, 0x00000000d6980000, 0x0000000100000000)
  eden space 18432K, 0% used [0x00000000d5580000,0x00000000d5580000,0x00000000d6780000)
  from space 1024K, 62% used [0x00000000d6780000,0x00000000d6820020,0x00000000d6880000)
  to   space 1024K, 0% used [0x00000000d6880000,0x00000000d6880000,0x00000000d6980000)
 ParOldGen       total 74240K, used 70125K [0x0000000080000000, 0x0000000084880000, 0x00000000d5580000)
  object space 74240K, 94% used [0x0000000080000000,0x000000008447b658,0x0000000084880000)
 Metaspace       used 68902K, committed 70592K, reserved 1114112K
  class space    used 7319K, committed 8000K, reserved 1048576K
}
Event: 34.296 GC heap before
{Heap before GC invocations=73 (full 3):
 PSYoungGen      total 19456K, used 19072K [0x00000000d5580000, 0x00000000d6980000, 0x0000000100000000)
  eden space 18432K, 100% used [0x00000000d5580000,0x00000000d6780000,0x00000000d6780000)
  from space 1024K, 62% used [0x00000000d6780000,0x00000000d6820020,0x00000000d6880000)
  to   space 1024K, 0% used [0x00000000d6880000,0x00000000d6880000,0x00000000d6980000)
 ParOldGen       total 74240K, used 70125K [0x0000000080000000, 0x0000000084880000, 0x00000000d5580000)
  object space 74240K, 94% used [0x0000000080000000,0x000000008447b658,0x0000000084880000)
 Metaspace       used 68959K, committed 70592K, reserved 1114112K
  class space    used 7319K, committed 8000K, reserved 1048576K
}
Event: 34.297 GC heap after
{Heap after GC invocations=73 (full 3):
 PSYoungGen      total 18432K, used 1022K [0x00000000d5580000, 0x00000000d6b80000, 0x0000000100000000)
  eden space 17408K, 0% used [0x00000000d5580000,0x00000000d5580000,0x00000000d6680000)
  from space 1024K, 99% used [0x00000000d6880000,0x00000000d697fb10,0x00000000d6980000)
  to   space 2048K, 0% used [0x00000000d6680000,0x00000000d6680000,0x00000000d6880000)
 ParOldGen       total 74240K, used 70765K [0x0000000080000000, 0x0000000084880000, 0x00000000d5580000)
  object space 74240K, 95% used [0x0000000080000000,0x000000008451b678,0x0000000084880000)
 Metaspace       used 68959K, committed 70592K, reserved 1114112K
  class space    used 7319K, committed 8000K, reserved 1048576K
}
Event: 35.255 GC heap before
{Heap before GC invocations=74 (full 3):
 PSYoungGen      total 18432K, used 18411K [0x00000000d5580000, 0x00000000d6b80000, 0x0000000100000000)
  eden space 17408K, 99% used [0x00000000d5580000,0x00000000d667b278,0x00000000d6680000)
  from space 1024K, 99% used [0x00000000d6880000,0x00000000d697fb10,0x00000000d6980000)
  to   space 2048K, 0% used [0x00000000d6680000,0x00000000d6680000,0x00000000d6880000)
 ParOldGen       total 74240K, used 70765K [0x0000000080000000, 0x0000000084880000, 0x00000000d5580000)
  object space 74240K, 95% used [0x0000000080000000,0x000000008451b678,0x0000000084880000)
 Metaspace       used 69591K, committed 71232K, reserved 1114112K
  class space    used 7389K, committed 8064K, reserved 1048576K
}
Event: 35.257 GC heap after
{Heap after GC invocations=74 (full 3):
 PSYoungGen      total 18432K, used 903K [0x00000000d5580000, 0x00000000d6980000, 0x0000000100000000)
  eden space 17408K, 0% used [0x00000000d5580000,0x00000000d5580000,0x00000000d6680000)
  from space 1024K, 88% used [0x00000000d6680000,0x00000000d6761e50,0x00000000d6780000)
  to   space 1536K, 0% used [0x00000000d6800000,0x00000000d6800000,0x00000000d6980000)
 ParOldGen       total 74240K, used 71790K [0x0000000080000000, 0x0000000084880000, 0x00000000d5580000)
  object space 74240K, 96% used [0x0000000080000000,0x000000008461ba88,0x0000000084880000)
 Metaspace       used 69591K, committed 71232K, reserved 1114112K
  class space    used 7389K, committed 8064K, reserved 1048576K
}
Event: 35.462 GC heap before
{Heap before GC invocations=75 (full 3):
 PSYoungGen      total 18432K, used 18311K [0x00000000d5580000, 0x00000000d6980000, 0x0000000100000000)
  eden space 17408K, 100% used [0x00000000d5580000,0x00000000d6680000,0x00000000d6680000)
  from space 1024K, 88% used [0x00000000d6680000,0x00000000d6761e50,0x00000000d6780000)
  to   space 1536K, 0% used [0x00000000d6800000,0x00000000d6800000,0x00000000d6980000)
 ParOldGen       total 74240K, used 71790K [0x0000000080000000, 0x0000000084880000, 0x00000000d5580000)
  object space 74240K, 96% used [0x0000000080000000,0x000000008461ba88,0x0000000084880000)
 Metaspace       used 70329K, committed 72064K, reserved 1114112K
  class space    used 7475K, committed 8192K, reserved 1048576K
}
Event: 35.465 GC heap after
{Heap after GC invocations=75 (full 3):
 PSYoungGen      total 18944K, used 1529K [0x00000000d5580000, 0x00000000d6980000, 0x0000000100000000)
  eden space 17408K, 0% used [0x00000000d5580000,0x00000000d5580000,0x00000000d6680000)
  from space 1536K, 99% used [0x00000000d6800000,0x00000000d697e448,0x00000000d6980000)
  to   space 1024K, 0% used [0x00000000d6680000,0x00000000d6680000,0x00000000d6780000)
 ParOldGen       total 76288K, used 76242K [0x0000000080000000, 0x0000000084a80000, 0x00000000d5580000)
  object space 76288K, 99% used [0x0000000080000000,0x0000000084a74bc0,0x0000000084a80000)
 Metaspace       used 70329K, committed 72064K, reserved 1114112K
  class space    used 7475K, committed 8192K, reserved 1048576K
}

